<?xml version="1.0" encoding="utf-8"?><testsuites><testsuite name="pytest" errors="0" failures="0" skipped="0" tests="8" time="187.855" timestamp="2022-06-01T14:48:13.074895" hostname="Trantor-LP100"><testcase classname="Tests.test_ConfigurationPage.Test_Configuration" name="test_application_url_opening_successfully[chrome]" time="15.165" /><testcase classname="Tests.test_LoginPage.Test_Login" name="test_login_page_opening_successfully[chrome]" time="21.530" /><testcase classname="Tests.test_LoginPage.Test_Login" name="test_user_login_to_app_successfully[chrome]" time="19.562" /><testcase classname="Tests.test_LoginPage.Test_Login" name="test_login_page_not_be_accessible_after_login[chrome]" time="19.950" /><testcase classname="Tests.test_LoginPage.Test_Login" name="test_unauthorized_user_should_not_be_able_to_login[chrome]" time="17.248" /><testcase classname="Tests.test_Page404.Test_Page404" name="test_404_page_displaying_before_login_and_redirected_back_to_login[chrome]" time="27.283" /><testcase classname="Tests.test_Page404.Test_Page404" name="test_404_page_displaying_after_login_on_indices_and_redirected_back_to_indices[chrome]" time="26.842" /><testcase classname="Tests.test_Page404.Test_Page404" name="test_404_page_displaying_after_login_on_dashboard_and_redirected_back_to_dashboard[chrome]" time="40.113" /></testsuite></testsuites>